#
# A fatal error has been detected by the Java Runtime Environment:
#
#  SIGSEGV (0xb) at pc=0x00007f648a2e5ade, pid=10875, tid=10888
#
# JRE version: Java(TM) SE Runtime Environment (9.0+11) (build 9.0.4+11)
# Java VM: Java HotSpot(TM) 64-Bit Server VM (9.0.4+11, mixed mode, tiered, compressed oops, g1 gc, linux-amd64)
# Problematic frame:
# V  [libjvm.so+0x812ade]  InstanceKlass::allocate_instance(Thread*)+0xae
#
# Core dump will be written. Default location: Core dumps may be processed with "/usr/share/apport/apport %p %s %c %d %P" (or dumping to /home/nek/Documents/Projects/DSA-18/trees/core.10875)
#
# If you would like to submit a bug report, please visit:
#   http://bugreport.java.com/bugreport/crash.jsp
#

---------------  S U M M A R Y ------------

Command Line: -agentlib:jdwp=transport=dt_socket,address=127.0.0.1:34571,suspend=y,server=n -ea -Didea.test.cyclic.buffer.size=1048576 -javaagent:/opt/intellij-idea-community/lib/rt/debugger-agent.jar=/tmp/capture.props -Dfile.encoding=UTF-8 com.intellij.rt.execution.junit.JUnitStarter -ideVersion5 -junit5 SkylineTest

Host: Intel(R) Core(TM) i7-6600U CPU @ 2.60GHz, 4 cores, 7G, Ubuntu 16.04.4 LTS
Time: Thu Mar 15 17:11:48 2018 EDT elapsed time: 1069 seconds (0d 0h 17m 49s)

---------------  T H R E A D  ---------------

Current thread (0x00007f648415b000):  VMThread "VM Thread" [stack: 0x00007f643cd56000,0x00007f643ce56000] [id=10888]

Stack: [0x00007f643cd56000,0x00007f643ce56000],  sp=0x00007f643ce54270,  free space=1016k
Native frames: (J=compiled Java code, A=aot compiled Java code, j=interpreted, Vv=VM code, C=native code)
V  [libjvm.so+0x812ade]  InstanceKlass::allocate_instance(Thread*)+0xae
V  [libjvm.so+0x83ee9d]  java_lang_String::basic_create(int, bool, Thread*)+0x2d
V  [libjvm.so+0x83f125]  java_lang_String::create_from_str(char const*, Thread*)+0x45
V  [libjvm.so+0x70755d]  Exceptions::new_exception(Thread*, Symbol*, char const*, Exceptions::ExceptionMsgToUtf8Mode)+0x10d
V  [libjvm.so+0x7a97b6]  GenerateOopMap::verify_error(char const*, ...)+0x86
V  [libjvm.so+0x7ae692]  GenerateOopMap::interp_bb(BasicBlock*)+0x4e2
V  [libjvm.so+0x7b021f]  GenerateOopMap::do_interpretation()+0x9f
V  [libjvm.so+0x7b05fb]  GenerateOopMap::compute_map(Thread*)+0x26b
V  [libjvm.so+0xb5a587]  OopMapForCacheEntry::compute_map(Thread*)+0x67
V  [libjvm.so+0xb5b1fc]  OopMapCacheEntry::fill(methodHandle, int)+0x12c
V  [libjvm.so+0xb5ba42]  OopMapCache::compute_one_oop_map(methodHandle const&, int, InterpreterOopMap*)+0x102
V  [libjvm.so+0xb5bd56]  OopMapCache::lookup(methodHandle const&, int, InterpreterOopMap*) const+0x216
V  [libjvm.so+0xafb584]  Method::mask_for(int, InterpreterOopMap*)+0x74
V  [libjvm.so+0x9a5a4d]  VM_GetOrSetLocal::doit()+0x4d
V  [libjvm.so+0xd5d4f9]  VM_Operation::evaluate()+0x59
V  [libjvm.so+0xd5b243]  VMThread::evaluate_operation(VM_Operation*)+0xc3
V  [libjvm.so+0xd5b7b0]  VMThread::loop()+0x210
V  [libjvm.so+0xd5bcc2]  VMThread::run()+0x72
V  [libjvm.so+0xb6e132]  thread_native_entry(Thread*)+0xf2


siginfo: si_signo: 11 (SIGSEGV), si_code: 128 (SI_KERNEL), si_addr: 0x0000000000000000

Register to memory mapping:

RAX=0x0078012c03850018 is an unknown value
RBX=0x0078012c03850000 is an unknown value
RCX=0x0000000000000000 is an unknown value
RDX=0x00619fda7f90000f is an unknown value
RSP=0x00007f643ce54270 is an unknown value
RBP=0x00007f643ce542d0 is an unknown value
RSI=0x00007f648415b000 is an unknown value
RDI=0x00000001000016d0 is pointing into metadata
R8 =0x0000000000000067 is an unknown value
R9 =0x0000000000000067 is an unknown value
R10=0x0000000000000007 is an unknown value
R11=0x00007f64340481d0 is an unknown value
R12=0x00007f648415b000 is an unknown value
R13=0x000000000000004f is an unknown value
R14=0x00007f648ae04539: <offset 0x0000000001331539> in /usr/lib/jvm/java-9-oracle/lib/server/libjvm.so at 0x00007f6489ad3000
R15=0x0000000000000003 is an unknown value


Registers:
RAX=0x0078012c03850018, RBX=0x0078012c03850000, RCX=0x0000000000000000, RDX=0x00619fda7f90000f
RSP=0x00007f643ce54270, RBP=0x00007f643ce542d0, RSI=0x00007f648415b000, RDI=0x00000001000016d0
R8 =0x0000000000000067, R9 =0x0000000000000067, R10=0x0000000000000007, R11=0x00007f64340481d0
R12=0x00007f648415b000, R13=0x000000000000004f, R14=0x00007f648ae04539, R15=0x0000000000000003
RIP=0x00007f648a2e5ade, EFLAGS=0x0000000000010202, CSGSFS=0x002b000000000033, ERR=0x0000000000000000
  TRAPNO=0x000000000000000d

Top of Stack: (sp=0x00007f643ce54270)
0x00007f643ce54270:   00007f643ce54310 0020003100000003
0x00007f643ce54280:   00000001000016d0 0000000000000000
0x00007f643ce54290:   0000000000000000 00007f648a8cb541
0x00007f643ce542a0:   00000000ffffffff 00007f648415b000 

Instructions: (pc=0x00007f648a2e5ade)
0x00007f648a2e5abe:   24 08 48 85 c0 0f 85 f7 00 00 00 4c 8d 35 69 ea
0x00007f648a2e5ace:   b1 00 41 80 3e 00 0f 84 46 01 00 00 49 83 ff 02
0x00007f648a2e5ade:   c7 43 0c 00 00 00 00 48 8d 7b 10 49 8d 47 fd 74
0x00007f648a2e5aee:   0f 48 8d 14 c5 08 00 00 00 31 f6 e8 32 f5 a5 ff 

VM_Operation (0x00007f643c123a70): GetOrSetLocal, mode: safepoint, requested by thread 0x00007f6484262000


---------------  P R O C E S S  ---------------

Java Threads: ( => current thread )
  0x00007f64842e2800 JavaThread "Service Thread" daemon [_thread_blocked, id=10903, stack(0x00007f640faf9000,0x00007f640fbfa000)]
  0x00007f6408001000 JavaThread "JDWP Command Reader" daemon [_thread_in_native, id=10899, stack(0x00007f640fbfa000,0x00007f640fcfb000)]
  0x00007f6484266000 JavaThread "JDWP Event Helper Thread" daemon [_thread_blocked, id=10898, stack(0x00007f640fcfb000,0x00007f640fdfc000)]
  0x00007f6484262000 JavaThread "JDWP Transport Listener: dt_socket" daemon [_thread_blocked, id=10897, stack(0x00007f643c024000,0x00007f643c125000)]
  0x00007f64841cb000 JavaThread "Common-Cleaner" daemon [_thread_blocked, id=10896, stack(0x00007f643c125000,0x00007f643c226000)]
  0x00007f648418f000 JavaThread "Sweeper thread" daemon [_thread_blocked, id=10895, stack(0x00007f643c64e000,0x00007f643c74f000)]
  0x00007f648418d000 JavaThread "C1 CompilerThread2" daemon [_thread_blocked, id=10894, stack(0x00007f643c74f000,0x00007f643c850000)]
  0x00007f648418b000 JavaThread "C2 CompilerThread1" daemon [_thread_blocked, id=10893, stack(0x00007f643c850000,0x00007f643c951000)]
  0x00007f6484189000 JavaThread "C2 CompilerThread0" daemon [_thread_blocked, id=10892, stack(0x00007f643c951000,0x00007f643ca52000)]
  0x00007f6484187000 JavaThread "Signal Dispatcher" daemon [_thread_blocked, id=10891, stack(0x00007f643ca52000,0x00007f643cb53000)]
  0x00007f648416d000 JavaThread "Finalizer" daemon [_thread_blocked, id=10890, stack(0x00007f643cb53000,0x00007f643cc54000)]
  0x00007f6484164800 JavaThread "Reference Handler" daemon [_thread_blocked, id=10889, stack(0x00007f643cc54000,0x00007f643cd55000)]
  0x00007f6484015800 JavaThread "main" [_thread_blocked, id=10876, stack(0x00007f648bb4c000,0x00007f648bc4c000)]

Other Threads:
=>0x00007f648415b000 VMThread "VM Thread" [stack: 0x00007f643cd56000,0x00007f643ce56000] [id=10888]
  0x00007f64842e6000 WatcherThread [stack: 0x00007f640f9f9000,0x00007f640faf9000] [id=10904]
  0x00007f648402d000 GCTaskThread "GC Thread#0" [stack: 0x00007f6469640000,0x00007f6469740000] [id=10877]
  0x00007f648402e800 GCTaskThread "GC Thread#1" [stack: 0x00007f646953f000,0x00007f646963f000] [id=10878]
  0x00007f6484030800 GCTaskThread "GC Thread#2" [stack: 0x00007f646943e000,0x00007f646953e000] [id=10879]
  0x00007f6484032000 GCTaskThread "GC Thread#3" [stack: 0x00007f646933d000,0x00007f646943d000] [id=10880]
  0x00007f6484060800 ConcurrentGCThread "G1 Main Marker" [stack: 0x00007f6468108000,0x00007f6468208000] [id=10886]
  0x00007f6484062800 ConcurrentGCThread "G1 Marker#0" [stack: 0x00007f6468007000,0x00007f6468107000] [id=10887]
  0x00007f6484039800 ConcurrentGCThread "G1 Refine#0" [stack: 0x00007f6468b35000,0x00007f6468c35000] [id=10884]
  0x00007f6484037800 ConcurrentGCThread "G1 Refine#1" [stack: 0x00007f6468c36000,0x00007f6468d36000] [id=10883]
  0x00007f6484036000 ConcurrentGCThread "G1 Refine#2" [stack: 0x00007f6468d37000,0x00007f6468e37000] [id=10882]
  0x00007f6484034000 ConcurrentGCThread "G1 Refine#3" [stack: 0x00007f6468e38000,0x00007f6468f38000] [id=10881]
  0x00007f648403b000 ConcurrentGCThread "G1 Young RemSet Sampling" [stack: 0x00007f6468a34000,0x00007f6468b34000] [id=10885]

Threads with active compile tasks:

VM state:at safepoint (normal execution)

VM Mutex/Monitor currently owned by a thread:  ([mutex/lock_event])
[0x00007f6484011ce0] Threads_lock - owner thread: 0x00007f648415b000

Heap address: 0x0000000085000000, size: 1968 MB, Compressed Oops mode: 32-bit
Narrow klass base: 0x0000000000000000, Narrow klass shift: 3
Compressed class space size: 1073741824 Address: 0x0000000100000000

Heap:
 garbage-first heap   total 126976K, used 13312K [0x0000000085000000, 0x00000000851003e0, 0x0000000100000000)
  region size 1024K, 14 young (14336K), 0 survivors (0K)
 Metaspace       used 9718K, capacity 10462K, committed 10624K, reserved 1058816K
  class space    used 976K, capacity 1101K, committed 1152K, reserved 1048576K
Heap Regions: E=young(eden), S=young(survivor), O=old, HS=humongous(starts), HC=humongous(continues), CS=collection set, F=free, A=archive, TS=gc time stamp, AC=allocation context, TAMS=top-at-mark-start (previous, next)
|   0|0x0000000085000000, 0x0000000085000000, 0x0000000085100000|  0%| F|  |TS  0|AC  0|TAMS 0x0000000085000000, 0x0000000085000000|
|   1|0x0000000085100000, 0x0000000085100000, 0x0000000085200000|  0%| F|  |TS  0|AC  0|TAMS 0x0000000085100000, 0x0000000085100000|
|   2|0x0000000085200000, 0x0000000085200000, 0x0000000085300000|  0%| F|  |TS  0|AC  0|TAMS 0x0000000085200000, 0x0000000085200000|
|   3|0x0000000085300000, 0x0000000085300000, 0x0000000085400000|  0%| F|  |TS  0|AC  0|TAMS 0x0000000085300000, 0x0000000085300000|
|   4|0x0000000085400000, 0x0000000085400000, 0x0000000085500000|  0%| F|  |TS  0|AC  0|TAMS 0x0000000085400000, 0x0000000085400000|
|   5|0x0000000085500000, 0x0000000085500000, 0x0000000085600000|  0%| F|  |TS  0|AC  0|TAMS 0x0000000085500000, 0x0000000085500000|
|   6|0x0000000085600000, 0x0000000085600000, 0x0000000085700000|  0%| F|  |TS  0|AC  0|TAMS 0x0000000085600000, 0x0000000085600000|
|   7|0x0000000085700000, 0x0000000085700000, 0x0000000085800000|  0%| F|  |TS  0|AC  0|TAMS 0x0000000085700000, 0x0000000085700000|
|   8|0x0000000085800000, 0x0000000085800000, 0x0000000085900000|  0%| F|  |TS  0|AC  0|TAMS 0x0000000085800000, 0x0000000085800000|
|   9|0x0000000085900000, 0x0000000085900000, 0x0000000085a00000|  0%| F|  |TS  0|AC  0|TAMS 0x0000000085900000, 0x0000000085900000|
|  10|0x0000000085a00000, 0x0000000085a00000, 0x0000000085b00000|  0%| F|  |TS  0|AC  0|TAMS 0x0000000085a00000, 0x0000000085a00000|
|  11|0x0000000085b00000, 0x0000000085b00000, 0x0000000085c00000|  0%| F|  |TS  0|AC  0|TAMS 0x0000000085b00000, 0x0000000085b00000|
|  12|0x0000000085c00000, 0x0000000085c00000, 0x0000000085d00000|  0%| F|  |TS  0|AC  0|TAMS 0x0000000085c00000, 0x0000000085c00000|
|  13|0x0000000085d00000, 0x0000000085d00000, 0x0000000085e00000|  0%| F|  |TS  0|AC  0|TAMS 0x0000000085d00000, 0x0000000085d00000|
|  14|0x0000000085e00000, 0x0000000085e00000, 0x0000000085f00000|  0%| F|  |TS  0|AC  0|TAMS 0x0000000085e00000, 0x0000000085e00000|
|  15|0x0000000085f00000, 0x0000000085f00000, 0x0000000086000000|  0%| F|  |TS  0|AC  0|TAMS 0x0000000085f00000, 0x0000000085f00000|
|  16|0x0000000086000000, 0x0000000086000000, 0x0000000086100000|  0%| F|  |TS  0|AC  0|TAMS 0x0000000086000000, 0x0000000086000000|
|  17|0x0000000086100000, 0x0000000086100000, 0x0000000086200000|  0%| F|  |TS  0|AC  0|TAMS 0x0000000086100000, 0x0000000086100000|
|  18|0x0000000086200000, 0x0000000086200000, 0x0000000086300000|  0%| F|  |TS  0|AC  0|TAMS 0x0000000086200000, 0x0000000086200000|
|  19|0x0000000086300000, 0x0000000086300000, 0x0000000086400000|  0%| F|  |TS  0|AC  0|TAMS 0x0000000086300000, 0x0000000086300000|
|  20|0x0000000086400000, 0x0000000086400000, 0x0000000086500000|  0%| F|  |TS  0|AC  0|TAMS 0x0000000086400000, 0x0000000086400000|
|  21|0x0000000086500000, 0x0000000086500000, 0x0000000086600000|  0%| F|  |TS  0|AC  0|TAMS 0x0000000086500000, 0x0000000086500000|
|  22|0x0000000086600000, 0x0000000086600000, 0x0000000086700000|  0%| F|  |TS  0|AC  0|TAMS 0x0000000086600000, 0x0000000086600000|
|  23|0x0000000086700000, 0x0000000086700000, 0x0000000086800000|  0%| F|  |TS  0|AC  0|TAMS 0x0000000086700000, 0x0000000086700000|
|  24|0x0000000086800000, 0x0000000086800000, 0x0000000086900000|  0%| F|  |TS  0|AC  0|TAMS 0x0000000086800000, 0x0000000086800000|
|  25|0x0000000086900000, 0x0000000086900000, 0x0000000086a00000|  0%| F|  |TS  0|AC  0|TAMS 0x0000000086900000, 0x0000000086900000|
|  26|0x0000000086a00000, 0x0000000086a00000, 0x0000000086b00000|  0%| F|  |TS  0|AC  0|TAMS 0x0000000086a00000, 0x0000000086a00000|
|  27|0x0000000086b00000, 0x0000000086b00000, 0x0000000086c00000|  0%| F|  |TS  0|AC  0|TAMS 0x0000000086b00000, 0x0000000086b00000|
|  28|0x0000000086c00000, 0x0000000086c00000, 0x0000000086d00000|  0%| F|  |TS  0|AC  0|TAMS 0x0000000086c00000, 0x0000000086c00000|
|  29|0x0000000086d00000, 0x0000000086d00000, 0x0000000086e00000|  0%| F|  |TS  0|AC  0|TAMS 0x0000000086d00000, 0x0000000086d00000|
|  30|0x0000000086e00000, 0x0000000086e00000, 0x0000000086f00000|  0%| F|  |TS  0|AC  0|TAMS 0x0000000086e00000, 0x0000000086e00000|
|  31|0x0000000086f00000, 0x0000000086f00000, 0x0000000087000000|  0%| F|  |TS  0|AC  0|TAMS 0x0000000086f00000, 0x0000000086f00000|
|  32|0x0000000087000000, 0x0000000087000000, 0x0000000087100000|  0%| F|  |TS  0|AC  0|TAMS 0x0000000087000000, 0x0000000087000000|
|  33|0x0000000087100000, 0x0000000087100000, 0x0000000087200000|  0%| F|  |TS  0|AC  0|TAMS 0x0000000087100000, 0x0000000087100000|
|  34|0x0000000087200000, 0x0000000087200000, 0x0000000087300000|  0%| F|  |TS  0|AC  0|TAMS 0x0000000087200000, 0x0000000087200000|
|  35|0x0000000087300000, 0x0000000087300000, 0x0000000087400000|  0%| F|  |TS  0|AC  0|TAMS 0x0000000087300000, 0x0000000087300000|
|  36|0x0000000087400000, 0x0000000087400000, 0x0000000087500000|  0%| F|  |TS  0|AC  0|TAMS 0x0000000087400000, 0x0000000087400000|
|  37|0x0000000087500000, 0x0000000087500000, 0x0000000087600000|  0%| F|  |TS  0|AC  0|TAMS 0x0000000087500000, 0x0000000087500000|
|  38|0x0000000087600000, 0x0000000087600000, 0x0000000087700000|  0%| F|  |TS  0|AC  0|TAMS 0x0000000087600000, 0x0000000087600000|
|  39|0x0000000087700000, 0x0000000087700000, 0x0000000087800000|  0%| F|  |TS  0|AC  0|TAMS 0x0000000087700000, 0x0000000087700000|
|  40|0x0000000087800000, 0x0000000087800000, 0x0000000087900000|  0%| F|  |TS  0|AC  0|TAMS 0x0000000087800000, 0x0000000087800000|
|  41|0x0000000087900000, 0x0000000087900000, 0x0000000087a00000|  0%| F|  |TS  0|AC  0|TAMS 0x0000000087900000, 0x0000000087900000|
|  42|0x0000000087a00000, 0x0000000087a00000, 0x0000000087b00000|  0%| F|  |TS  0|AC  0|TAMS 0x0000000087a00000, 0x0000000087a00000|
|  43|0x0000000087b00000, 0x0000000087b00000, 0x0000000087c00000|  0%| F|  |TS  0|AC  0|TAMS 0x0000000087b00000, 0x0000000087b00000|
|  44|0x0000000087c00000, 0x0000000087c00000, 0x0000000087d00000|  0%| F|  |TS  0|AC  0|TAMS 0x0000000087c00000, 0x0000000087c00000|
|  45|0x0000000087d00000, 0x0000000087d00000, 0x0000000087e00000|  0%| F|  |TS  0|AC  0|TAMS 0x0000000087d00000, 0x0000000087d00000|
|  46|0x0000000087e00000, 0x0000000087e00000, 0x0000000087f00000|  0%| F|  |TS  0|AC  0|TAMS 0x0000000087e00000, 0x0000000087e00000|
|  47|0x0000000087f00000, 0x0000000087f00000, 0x0000000088000000|  0%| F|  |TS  0|AC  0|TAMS 0x0000000087f00000, 0x0000000087f00000|
|  48|0x0000000088000000, 0x0000000088000000, 0x0000000088100000|  0%| F|  |TS  0|AC  0|TAMS 0x0000000088000000, 0x0000000088000000|
|  49|0x0000000088100000, 0x0000000088100000, 0x0000000088200000|  0%| F|  |TS  0|AC  0|TAMS 0x0000000088100000, 0x0000000088100000|
|  50|0x0000000088200000, 0x0000000088200000, 0x0000000088300000|  0%| F|  |TS  0|AC  0|TAMS 0x0000000088200000, 0x0000000088200000|
|  51|0x0000000088300000, 0x0000000088300000, 0x0000000088400000|  0%| F|  |TS  0|AC  0|TAMS 0x0000000088300000, 0x0000000088300000|
|  52|0x0000000088400000, 0x0000000088400000, 0x0000000088500000|  0%| F|  |TS  0|AC  0|TAMS 0x0000000088400000, 0x0000000088400000|
|  53|0x0000000088500000, 0x0000000088500000, 0x0000000088600000|  0%| F|  |TS  0|AC  0|TAMS 0x0000000088500000, 0x0000000088500000|
|  54|0x0000000088600000, 0x0000000088600000, 0x0000000088700000|  0%| F|  |TS  0|AC  0|TAMS 0x0000000088600000, 0x0000000088600000|
|  55|0x0000000088700000, 0x0000000088700000, 0x0000000088800000|  0%| F|  |TS  0|AC  0|TAMS 0x0000000088700000, 0x0000000088700000|
|  56|0x0000000088800000, 0x0000000088800000, 0x0000000088900000|  0%| F|  |TS  0|AC  0|TAMS 0x0000000088800000, 0x0000000088800000|
|  57|0x0000000088900000, 0x0000000088900000, 0x0000000088a00000|  0%| F|  |TS  0|AC  0|TAMS 0x0000000088900000, 0x0000000088900000|
|  58|0x0000000088a00000, 0x0000000088a00000, 0x0000000088b00000|  0%| F|  |TS  0|AC  0|TAMS 0x0000000088a00000, 0x0000000088a00000|
|  59|0x0000000088b00000, 0x0000000088b00000, 0x0000000088c00000|  0%| F|  |TS  0|AC  0|TAMS 0x0000000088b00000, 0x0000000088b00000|
|  60|0x0000000088c00000, 0x0000000088c00000, 0x0000000088d00000|  0%| F|  |TS  0|AC  0|TAMS 0x0000000088c00000, 0x0000000088c00000|
|  61|0x0000000088d00000, 0x0000000088d00000, 0x0000000088e00000|  0%| F|  |TS  0|AC  0|TAMS 0x0000000088d00000, 0x0000000088d00000|
|  62|0x0000000088e00000, 0x0000000088e00000, 0x0000000088f00000|  0%| F|  |TS  0|AC  0|TAMS 0x0000000088e00000, 0x0000000088e00000|
|  63|0x0000000088f00000, 0x0000000088f00000, 0x0000000089000000|  0%| F|  |TS  0|AC  0|TAMS 0x0000000088f00000, 0x0000000088f00000|
|  64|0x0000000089000000, 0x0000000089000000, 0x0000000089100000|  0%| F|  |TS  0|AC  0|TAMS 0x0000000089000000, 0x0000000089000000|
|  65|0x0000000089100000, 0x0000000089100000, 0x0000000089200000|  0%| F|  |TS  0|AC  0|TAMS 0x0000000089100000, 0x0000000089100000|
|  66|0x0000000089200000, 0x0000000089200000, 0x0000000089300000|  0%| F|  |TS  0|AC  0|TAMS 0x0000000089200000, 0x0000000089200000|
|  67|0x0000000089300000, 0x0000000089300000, 0x0000000089400000|  0%| F|  |TS  0|AC  0|TAMS 0x0000000089300000, 0x0000000089300000|
|  68|0x0000000089400000, 0x0000000089400000, 0x0000000089500000|  0%| F|  |TS  0|AC  0|TAMS 0x0000000089400000, 0x0000000089400000|
|  69|0x0000000089500000, 0x0000000089500000, 0x0000000089600000|  0%| F|  |TS  0|AC  0|TAMS 0x0000000089500000, 0x0000000089500000|
|  70|0x0000000089600000, 0x0000000089600000, 0x0000000089700000|  0%| F|  |TS  0|AC  0|TAMS 0x0000000089600000, 0x0000000089600000|
|  71|0x0000000089700000, 0x0000000089700000, 0x0000000089800000|  0%| F|  |TS  0|AC  0|TAMS 0x0000000089700000, 0x0000000089700000|
|  72|0x0000000089800000, 0x0000000089800000, 0x0000000089900000|  0%| F|  |TS  0|AC  0|TAMS 0x0000000089800000, 0x0000000089800000|
|  73|0x0000000089900000, 0x0000000089900000, 0x0000000089a00000|  0%| F|  |TS  0|AC  0|TAMS 0x0000000089900000, 0x0000000089900000|
|  74|0x0000000089a00000, 0x0000000089a00000, 0x0000000089b00000|  0%| F|  |TS  0|AC  0|TAMS 0x0000000089a00000, 0x0000000089a00000|
|  75|0x0000000089b00000, 0x0000000089b00000, 0x0000000089c00000|  0%| F|  |TS  0|AC  0|TAMS 0x0000000089b00000, 0x0000000089b00000|
|  76|0x0000000089c00000, 0x0000000089c00000, 0x0000000089d00000|  0%| F|  |TS  0|AC  0|TAMS 0x0000000089c00000, 0x0000000089c00000|
|  77|0x0000000089d00000, 0x0000000089d00000, 0x0000000089e00000|  0%| F|  |TS  0|AC  0|TAMS 0x0000000089d00000, 0x0000000089d00000|
|  78|0x0000000089e00000, 0x0000000089e00000, 0x0000000089f00000|  0%| F|  |TS  0|AC  0|TAMS 0x0000000089e00000, 0x0000000089e00000|
|  79|0x0000000089f00000, 0x0000000089f00000, 0x000000008a000000|  0%| F|  |TS  0|AC  0|TAMS 0x0000000089f00000, 0x0000000089f00000|
|  80|0x000000008a000000, 0x000000008a000000, 0x000000008a100000|  0%| F|  |TS  0|AC  0|TAMS 0x000000008a000000, 0x000000008a000000|
|  81|0x000000008a100000, 0x000000008a100000, 0x000000008a200000|  0%| F|  |TS  0|AC  0|TAMS 0x000000008a100000, 0x000000008a100000|
|  82|0x000000008a200000, 0x000000008a200000, 0x000000008a300000|  0%| F|  |TS  0|AC  0|TAMS 0x000000008a200000, 0x000000008a200000|
|  83|0x000000008a300000, 0x000000008a300000, 0x000000008a400000|  0%| F|  |TS  0|AC  0|TAMS 0x000000008a300000, 0x000000008a300000|
|  84|0x000000008a400000, 0x000000008a400000, 0x000000008a500000|  0%| F|  |TS  0|AC  0|TAMS 0x000000008a400000, 0x000000008a400000|
|  85|0x000000008a500000, 0x000000008a500000, 0x000000008a600000|  0%| F|  |TS  0|AC  0|TAMS 0x000000008a500000, 0x000000008a500000|
|  86|0x000000008a600000, 0x000000008a600000, 0x000000008a700000|  0%| F|  |TS  0|AC  0|TAMS 0x000000008a600000, 0x000000008a600000|
|  87|0x000000008a700000, 0x000000008a700000, 0x000000008a800000|  0%| F|  |TS  0|AC  0|TAMS 0x000000008a700000, 0x000000008a700000|
|  88|0x000000008a800000, 0x000000008a800000, 0x000000008a900000|  0%| F|  |TS  0|AC  0|TAMS 0x000000008a800000, 0x000000008a800000|
|  89|0x000000008a900000, 0x000000008a900000, 0x000000008aa00000|  0%| F|  |TS  0|AC  0|TAMS 0x000000008a900000, 0x000000008a900000|
|  90|0x000000008aa00000, 0x000000008aa00000, 0x000000008ab00000|  0%| F|  |TS  0|AC  0|TAMS 0x000000008aa00000, 0x000000008aa00000|
|  91|0x000000008ab00000, 0x000000008ab00000, 0x000000008ac00000|  0%| F|  |TS  0|AC  0|TAMS 0x000000008ab00000, 0x000000008ab00000|
|  92|0x000000008ac00000, 0x000000008ac00000, 0x000000008ad00000|  0%| F|  |TS  0|AC  0|TAMS 0x000000008ac00000, 0x000000008ac00000|
|  93|0x000000008ad00000, 0x000000008ad00000, 0x000000008ae00000|  0%| F|  |TS  0|AC  0|TAMS 0x000000008ad00000, 0x000000008ad00000|
|  94|0x000000008ae00000, 0x000000008ae00000, 0x000000008af00000|  0%| F|  |TS  0|AC  0|TAMS 0x000000008ae00000, 0x000000008ae00000|
|  95|0x000000008af00000, 0x000000008af00000, 0x000000008b000000|  0%| F|  |TS  0|AC  0|TAMS 0x000000008af00000, 0x000000008af00000|
|  96|0x000000008b000000, 0x000000008b000000, 0x000000008b100000|  0%| F|  |TS  0|AC  0|TAMS 0x000000008b000000, 0x000000008b000000|
|  97|0x000000008b100000, 0x000000008b100000, 0x000000008b200000|  0%| F|  |TS  0|AC  0|TAMS 0x000000008b100000, 0x000000008b100000|
|  98|0x000000008b200000, 0x000000008b200000, 0x000000008b300000|  0%| F|  |TS  0|AC  0|TAMS 0x000000008b200000, 0x000000008b200000|
|  99|0x000000008b300000, 0x000000008b300000, 0x000000008b400000|  0%| F|  |TS  0|AC  0|TAMS 0x000000008b300000, 0x000000008b300000|
| 100|0x000000008b400000, 0x000000008b400000, 0x000000008b500000|  0%| F|  |TS  0|AC  0|TAMS 0x000000008b400000, 0x000000008b400000|
| 101|0x000000008b500000, 0x000000008b500000, 0x000000008b600000|  0%| F|  |TS  0|AC  0|TAMS 0x000000008b500000, 0x000000008b500000|
| 102|0x000000008b600000, 0x000000008b600000, 0x000000008b700000|  0%| F|  |TS  0|AC  0|TAMS 0x000000008b600000, 0x000000008b600000|
| 103|0x000000008b700000, 0x000000008b700000, 0x000000008b800000|  0%| F|  |TS  0|AC  0|TAMS 0x000000008b700000, 0x000000008b700000|
| 104|0x000000008b800000, 0x000000008b800000, 0x000000008b900000|  0%| F|  |TS  0|AC  0|TAMS 0x000000008b800000, 0x000000008b800000|
| 105|0x000000008b900000, 0x000000008b900000, 0x000000008ba00000|  0%| F|  |TS  0|AC  0|TAMS 0x000000008b900000, 0x000000008b900000|
| 106|0x000000008ba00000, 0x000000008ba00000, 0x000000008bb00000|  0%| F|  |TS  0|AC  0|TAMS 0x000000008ba00000, 0x000000008ba00000|
| 107|0x000000008bb00000, 0x000000008bb00000, 0x000000008bc00000|  0%| F|  |TS  0|AC  0|TAMS 0x000000008bb00000, 0x000000008bb00000|
| 108|0x000000008bc00000, 0x000000008bc00000, 0x000000008bd00000|  0%| F|  |TS  0|AC  0|TAMS 0x000000008bc00000, 0x000000008bc00000|
| 109|0x000000008bd00000, 0x000000008bd00000, 0x000000008be00000|  0%| F|  |TS  0|AC  0|TAMS 0x000000008bd00000, 0x000000008bd00000|
| 110|0x000000008be00000, 0x000000008be482f8, 0x000000008bf00000| 28%| E|  |TS  0|AC  0|TAMS 0x000000008be00000, 0x000000008be00000|
| 111|0x000000008bf00000, 0x000000008c000000, 0x000000008c000000|100%| E|CS|TS  0|AC  0|TAMS 0x000000008bf00000, 0x000000008bf00000|
| 112|0x000000008c000000, 0x000000008c100000, 0x000000008c100000|100%| E|CS|TS  0|AC  0|TAMS 0x000000008c000000, 0x000000008c000000|
| 113|0x000000008c100000, 0x000000008c200000, 0x000000008c200000|100%| E|CS|TS  0|AC  0|TAMS 0x000000008c100000, 0x000000008c100000|
| 114|0x000000008c200000, 0x000000008c300000, 0x000000008c300000|100%| E|CS|TS  0|AC  0|TAMS 0x000000008c200000, 0x000000008c200000|
| 115|0x000000008c300000, 0x000000008c400000, 0x000000008c400000|100%| E|CS|TS  0|AC  0|TAMS 0x000000008c300000, 0x000000008c300000|
| 116|0x000000008c400000, 0x000000008c500000, 0x000000008c500000|100%| E|CS|TS  0|AC  0|TAMS 0x000000008c400000, 0x000000008c400000|
| 117|0x000000008c500000, 0x000000008c600000, 0x000000008c600000|100%| E|CS|TS  0|AC  0|TAMS 0x000000008c500000, 0x000000008c500000|
| 118|0x000000008c600000, 0x000000008c700000, 0x000000008c700000|100%| E|CS|TS  0|AC  0|TAMS 0x000000008c600000, 0x000000008c600000|
| 119|0x000000008c700000, 0x000000008c800000, 0x000000008c800000|100%| E|CS|TS  0|AC  0|TAMS 0x000000008c700000, 0x000000008c700000|
| 120|0x000000008c800000, 0x000000008c900000, 0x000000008c900000|100%| E|CS|TS  0|AC  0|TAMS 0x000000008c800000, 0x000000008c800000|
| 121|0x000000008c900000, 0x000000008ca00000, 0x000000008ca00000|100%| E|CS|TS  0|AC  0|TAMS 0x000000008c900000, 0x000000008c900000|
| 122|0x000000008ca00000, 0x000000008cb00000, 0x000000008cb00000|100%| E|CS|TS  0|AC  0|TAMS 0x000000008ca00000, 0x000000008ca00000|
| 123|0x000000008cb00000, 0x000000008cc00000, 0x000000008cc00000|100%| E|CS|TS  0|AC  0|TAMS 0x000000008cb00000, 0x000000008cb00000|

Card table byte_map: [0x00007f6443c28000,0x00007f6444000000] byte_map_base: 0x00007f6443800000

Marking Bits (Prev, Next): (CMBitMap*) 0x00007f648405fbe0, (CMBitMap*) 0x00007f648405fc18
 Prev Bits: [0x00007f6441990000, 0x00007f6443850000)
 Next Bits: [0x00007f643fad0000, 0x00007f6441990000)

Polling page: 0x00007f648bc90000

CodeHeap 'non-profiled nmethods': size=120032Kb used=263Kb max_used=263Kb free=119768Kb
 bounds [0x00007f64713de000, 0x00007f647164e000, 0x00007f6478916000]
CodeHeap 'profiled nmethods': size=120032Kb used=1472Kb max_used=1472Kb free=118560Kb
 bounds [0x00007f6469ea6000, 0x00007f646a116000, 0x00007f64713de000]
CodeHeap 'non-nmethods': size=5696Kb used=1191Kb max_used=1207Kb free=4505Kb
 bounds [0x00007f6469916000, 0x00007f6469b86000, 0x00007f6469ea6000]
 total_blobs=1317 nmethods=833 adapters=265
 compilation: enabled

Compilation events (10 events):
Event: 8.281 Thread 0x00007f648418d000 nmethod 831 0x00007f646a013c10 code [0x00007f646a013dc0, 0x00007f646a014050]
Event: 8.281 Thread 0x00007f648418d000  832       3       org.junit.platform.commons.util.Preconditions$$Lambda$11/902919927::<init> (10 bytes)
Event: 8.281 Thread 0x00007f648418d000 nmethod 832 0x00007f646a014190 code [0x00007f646a014340, 0x00007f646a014550]
Event: 8.281 Thread 0x00007f648418d000  829       1       com.intellij.rt.execution.junit.MapSerializerUtil$1::escapeCharacter (3 bytes)
Event: 8.281 Thread 0x00007f648418d000 nmethod 829 0x00007f647141db10 code [0x00007f647141dcc0, 0x00007f647141ddd0]
Event: 8.281 Thread 0x00007f648418d000  826       3       java.lang.invoke.AbstractValidatingLambdaMetafactory::isAdaptableTo (126 bytes)
Event: 8.283 Thread 0x00007f648418d000 nmethod 826 0x00007f646a014610 code [0x00007f646a0148a0, 0x00007f646a015788]
Event: 8.308 Thread 0x00007f6484189000 nmethod 827 0x00007f647141de90 code [0x00007f647141e100, 0x00007f647141f628]
Event: 8.686 Thread 0x00007f648418d000  833       3       java.util.ArrayList::isEmpty (13 bytes)
Event: 8.687 Thread 0x00007f648418d000 nmethod 833 0x00007f646a015c10 code [0x00007f646a015dc0, 0x00007f646a015f70]

GC Heap History (0 events):
No events

Deoptimization events (2 events):
Event: 0.901 Thread 0x00007f6484015800 Uncommon trap: reason=unstable_if action=reinterpret pc=0x00007f647140ce28 method=java.util.HashMap.getNode(ILjava/lang/Object;)Ljava/util/HashMap$Node; @ 129 c2
Event: 0.901 Thread 0x00007f6484015800 Uncommon trap: reason=unstable_if action=reinterpret pc=0x00007f647140b108 method=java.util.HashMap.getNode(ILjava/lang/Object;)Ljava/util/HashMap$Node; @ 129 c2

Classes redefined (10 events):
Event: 433.812 Thread 0x00007f648415b000 redefined class name=divide_and_conquer.Skyline$Point, count=5
Event: 439.067 Thread 0x00007f648415b000 redefined class name=divide_and_conquer.Skyline$Building, count=6
Event: 439.076 Thread 0x00007f648415b000 redefined class name=divide_and_conquer.Skyline, count=6
Event: 439.085 Thread 0x00007f648415b000 redefined class name=divide_and_conquer.Skyline$Point, count=6
Event: 588.293 Thread 0x00007f648415b000 redefined class name=divide_and_conquer.Skyline$Building, count=7
Event: 588.295 Thread 0x00007f648415b000 redefined class name=divide_and_conquer.Skyline, count=7
Event: 588.298 Thread 0x00007f648415b000 redefined class name=divide_and_conquer.Skyline$Point, count=7
Event: 1069.278 Thread 0x00007f648415b000 redefined class name=divide_and_conquer.Skyline$Building, count=8
Event: 1069.281 Thread 0x00007f648415b000 redefined class name=divide_and_conquer.Skyline, count=8
Event: 1069.284 Thread 0x00007f648415b000 redefined class name=divide_and_conquer.Skyline$Point, count=8

Internal exceptions (10 events):
Event: 0.828 Thread 0x00007f6484015800 Exception <a 'java/lang/NoSuchMethodError'{0x000000008c22a9e0}: java.lang.Object.lambda$andThen$1(Ljava/util/function/Function;Ljava/lang/Object;)Ljava/lang/Object;> (0x000000008c22a9e0) thrown at [/scratch/opt/mach5/mesos/work_dir/slaves/5af44a71-976a-41
Event: 0.831 Thread 0x00007f6484015800 Exception <a 'java/lang/NoSuchMethodError'{0x000000008c22e750}: java.lang.invoke.DirectMethodHandle$Holder.invokeSpecial(Ljava/lang/Object;Ljava/lang/Object;Ljava/lang/Object;Ljava/lang/Object;)V> (0x000000008c22e750) thrown at [/scratch/opt/mach5/mesos/w
Event: 0.844 Thread 0x00007f6484015800 Exception <a 'java/lang/NoSuchMethodError'{0x000000008c262d48}: java.lang.Object.of([Ljava/lang/Object;)Ljava/util/stream/Stream;> (0x000000008c262d48) thrown at [/scratch/opt/mach5/mesos/work_dir/slaves/5af44a71-976a-41b7-81de-5773b84ec572-S39643/framewo
Event: 0.916 Thread 0x00007f6484015800 Exception <a 'java/lang/NoSuchMethodError'{0x000000008c131b08}: java.lang.invoke.DirectMethodHandle$Holder.invokeInterface(Ljava/lang/Object;Ljava/lang/Object;)V> (0x000000008c131b08) thrown at [/scratch/opt/mach5/mesos/work_dir/slaves/5af44a71-976a-41b7-
Event: 0.917 Thread 0x00007f6484015800 Exception <a 'java/lang/IncompatibleClassChangeError'{0x000000008c134710}: Found class java.lang.Object, but interface was expected> (0x000000008c134710) thrown at [/scratch/opt/mach5/mesos/work_dir/slaves/5af44a71-976a-41b7-81de-5773b84ec572-S39643/frame
Event: 0.918 Thread 0x00007f6484015800 Exception <a 'java/lang/NoSuchMethodError'{0x000000008c138f08}: java.lang.Object.lambda$accept$0(Lorg/junit/platform/engine/TestDescriptor$Visitor;Lorg/junit/platform/engine/TestDescriptor;)V> (0x000000008c138f08) thrown at [/scratch/opt/mach5/mesos/work_
Event: 0.919 Thread 0x00007f6484015800 Exception <a 'java/lang/NoSuchMethodError'{0x000000008c13fb50}: java.lang.Object.containsTests(Lorg/junit/platform/engine/TestDescriptor;)Z> (0x000000008c13fb50) thrown at [/scratch/opt/mach5/mesos/work_dir/slaves/5af44a71-976a-41b7-81de-5773b84ec572-S396
Event: 0.973 Thread 0x00007f6484015800 Exception <a 'java/lang/NoSuchMethodError'{0x000000008c0c2c40}: method resolution failed> (0x000000008c0c2c40) thrown at [/scratch/opt/mach5/mesos/work_dir/slaves/5af44a71-976a-41b7-81de-5773b84ec572-S39643/frameworks/1735e8a2-a1db-478c-8104-60c8b0af87dd-
Event: 1.004 Thread 0x00007f6484015800 Exception <a 'java/lang/NoSuchMethodError'{0x000000008bf82318}: java.lang.invoke.DirectMethodHandle$Holder.invokeInterface(Ljava/lang/Object;Ljava/lang/Object;Ljava/lang/Object;)V> (0x000000008bf82318) thrown at [/scratch/opt/mach5/mesos/work_dir/slaves/5
Event: 8.264 Thread 0x00007f6484015800 Exception <a 'java/lang/NoSuchMethodError'{0x000000008be05640}: java.lang.invoke.DirectMethodHandle$Holder.invokeStatic(Ljava/lang/Object;Ljava/lang/Object;Ljava/lang/Object;Ljava/lang/Object;Ljava/lang/Object;)V> (0x000000008be05640) thrown at [/scratch/

Events (10 events):
Event: 1069.367 Executing VM operation: GetOrSetLocal done
Event: 1069.368 Executing VM operation: GetFrameCount
Event: 1069.368 Executing VM operation: GetFrameCount done
Event: 1069.368 Executing VM operation: GetFrameLocation
Event: 1069.368 Executing VM operation: GetFrameLocation done
Event: 1069.373 Executing VM operation: GetFrameLocation
Event: 1069.374 Executing VM operation: GetFrameLocation done
Event: 1069.374 Executing VM operation: GetOrSetLocal
Event: 1069.375 Executing VM operation: GetOrSetLocal done
Event: 1069.411 Executing VM operation: GetOrSetLocal


Dynamic libraries:
00400000-00401000 r-xp 00000000 08:05 5905829                            /usr/lib/jvm/java-9-oracle/bin/java
00600000-00601000 rw-p 00000000 08:05 5905829                            /usr/lib/jvm/java-9-oracle/bin/java
014d1000-014f2000 rw-p 00000000 00:00 0                                  [heap]
85000000-8cc00000 rw-p 00000000 00:00 0 
8cc00000-100000000 ---p 00000000 00:00 0 
100000000-100120000 rw-p 00000000 00:00 0 
100120000-140000000 ---p 00000000 00:00 0 
7f63f8000000-7f63f8021000 rw-p 00000000 00:00 0 
7f63f8021000-7f63fc000000 ---p 00000000 00:00 0 
7f63fc000000-7f63fc021000 rw-p 00000000 00:00 0 
7f63fc021000-7f6400000000 ---p 00000000 00:00 0 
7f6400000000-7f6400040000 rw-p 00000000 00:00 0 
7f6400040000-7f6404000000 ---p 00000000 00:00 0 
7f6404000000-7f6404021000 rw-p 00000000 00:00 0 
7f6404021000-7f6408000000 ---p 00000000 00:00 0 
7f6408000000-7f6408025000 rw-p 00000000 00:00 0 
7f6408025000-7f640c000000 ---p 00000000 00:00 0 
7f640f4ca000-7f640f938000 rw-p 00000000 00:00 0 
7f640f938000-7f640f9f8000 ---p 00000000 00:00 0 
7f640f9f8000-7f640f9f9000 ---p 00000000 00:00 0 
7f640f9f9000-7f640faf9000 rw-p 00000000 00:00 0 
7f640faf9000-7f640fafd000 ---p 00000000 00:00 0 
7f640fafd000-7f640fbfa000 rw-p 00000000 00:00 0 
7f640fbfa000-7f640fbfe000 ---p 00000000 00:00 0 
7f640fbfe000-7f640fcfb000 rw-p 00000000 00:00 0 
7f640fcfb000-7f640fcff000 ---p 00000000 00:00 0 
7f640fcff000-7f640fdfc000 rw-p 00000000 00:00 0 
7f640fdfc000-7f640fe00000 r-xp 00000000 08:05 5908444                    /usr/lib/jvm/java-9-oracle/lib/libdt_socket.so
7f640fe00000-7f640ffff000 ---p 00004000 08:05 5908444                    /usr/lib/jvm/java-9-oracle/lib/libdt_socket.so
7f640ffff000-7f6410000000 rw-p 00003000 08:05 5908444                    /usr/lib/jvm/java-9-oracle/lib/libdt_socket.so
7f6410000000-7f6410021000 rw-p 00000000 00:00 0 
7f6410021000-7f6414000000 ---p 00000000 00:00 0 
7f6414000000-7f6414021000 rw-p 00000000 00:00 0 
7f6414021000-7f6418000000 ---p 00000000 00:00 0 
7f6418000000-7f64180b8000 rw-p 00000000 00:00 0 
7f64180b8000-7f641c000000 ---p 00000000 00:00 0 
7f641c000000-7f641c2ae000 rw-p 00000000 00:00 0 
7f641c2ae000-7f6420000000 ---p 00000000 00:00 0 
7f6420000000-7f6420021000 rw-p 00000000 00:00 0 
7f6420021000-7f6424000000 ---p 00000000 00:00 0 
7f6424000000-7f64242da000 rw-p 00000000 00:00 0 
7f64242da000-7f6428000000 ---p 00000000 00:00 0 
7f6428000000-7f6428021000 rw-p 00000000 00:00 0 
7f6428021000-7f642c000000 ---p 00000000 00:00 0 
7f642c000000-7f642c021000 rw-p 00000000 00:00 0 
7f642c021000-7f6430000000 ---p 00000000 00:00 0 
7f6430000000-7f6430021000 rw-p 00000000 00:00 0 
7f6430021000-7f6434000000 ---p 00000000 00:00 0 
7f6434000000-7f6434095000 rw-p 00000000 00:00 0 
7f6434095000-7f6438000000 ---p 00000000 00:00 0 
7f6438000000-7f6438021000 rw-p 00000000 00:00 0 
7f6438021000-7f643c000000 ---p 00000000 00:00 0 
7f643c024000-7f643c028000 ---p 00000000 00:00 0 
7f643c028000-7f643c125000 rw-p 00000000 00:00 0 
7f643c125000-7f643c129000 ---p 00000000 00:00 0 
7f643c129000-7f643c226000 rw-p 00000000 00:00 0 
7f643c226000-7f643c23c000 r-xp 00000000 08:05 5907719                    /usr/lib/jvm/java-9-oracle/lib/libnet.so
7f643c23c000-7f643c43c000 ---p 00016000 08:05 5907719                    /usr/lib/jvm/java-9-oracle/lib/libnet.so
7f643c43c000-7f643c43d000 rw-p 00016000 08:05 5907719                    /usr/lib/jvm/java-9-oracle/lib/libnet.so
7f643c43d000-7f643c44d000 r-xp 00000000 08:05 5908446                    /usr/lib/jvm/java-9-oracle/lib/libnio.so
7f643c44d000-7f643c64d000 ---p 00010000 08:05 5908446                    /usr/lib/jvm/java-9-oracle/lib/libnio.so
7f643c64d000-7f643c64e000 rw-p 00010000 08:05 5908446                    /usr/lib/jvm/java-9-oracle/lib/libnio.so
7f643c64e000-7f643c652000 ---p 00000000 00:00 0 
7f643c652000-7f643c74f000 rw-p 00000000 00:00 0 
7f643c74f000-7f643c753000 ---p 00000000 00:00 0 
7f643c753000-7f643c850000 rw-p 00000000 00:00 0 
7f643c850000-7f643c854000 ---p 00000000 00:00 0 
7f643c854000-7f643c951000 rw-p 00000000 00:00 0 
7f643c951000-7f643c955000 ---p 00000000 00:00 0 
7f643c955000-7f643ca52000 rw-p 00000000 00:00 0 
7f643ca52000-7f643ca56000 ---p 00000000 00:00 0 
7f643ca56000-7f643cb53000 rw-p 00000000 00:00 0 
7f643cb53000-7f643cb57000 ---p 00000000 00:00 0 
7f643cb57000-7f643cc54000 rw-p 00000000 00:00 0 
7f643cc54000-7f643cc58000 ---p 00000000 00:00 0 
7f643cc58000-7f643cd55000 rw-p 00000000 00:00 0 
7f643cd55000-7f643cd56000 ---p 00000000 00:00 0 
7f643cd56000-7f643d6cc000 rw-p 00000000 00:00 0 
7f643d6cc000-7f643dad0000 rw-p 00000000 00:00 0 
7f643dad0000-7f643fad0000 rwxp 00000000 00:00 0 
7f643fad0000-7f643fcc0000 rw-p 00000000 00:00 0 
7f643fcc0000-7f6441990000 ---p 00000000 00:00 0 
7f6441990000-7f6441b80000 rw-p 00000000 00:00 0 
7f6441b80000-7f6443850000 ---p 00000000 00:00 0 
7f6443850000-7f644388e000 rw-p 00000000 00:00 0 
7f644388e000-7f6443c28000 ---p 00000000 00:00 0 
7f6443c28000-7f6443c66000 rw-p 00000000 00:00 0 
7f6443c66000-7f6444000000 ---p 00000000 00:00 0 
7f6444000000-7f6444021000 rw-p 00000000 00:00 0 
7f6444021000-7f6448000000 ---p 00000000 00:00 0 
7f6448000000-7f6448021000 rw-p 00000000 00:00 0 
7f6448021000-7f644c000000 ---p 00000000 00:00 0 
7f644c000000-7f644c021000 rw-p 00000000 00:00 0 
7f644c021000-7f6450000000 ---p 00000000 00:00 0 
7f6450000000-7f6450021000 rw-p 00000000 00:00 0 
7f6450021000-7f6454000000 ---p 00000000 00:00 0 
7f6454000000-7f6454021000 rw-p 00000000 00:00 0 
7f6454021000-7f6458000000 ---p 00000000 00:00 0 
7f6458000000-7f6458021000 rw-p 00000000 00:00 0 
7f6458021000-7f645c000000 ---p 00000000 00:00 0 
7f645c000000-7f645c021000 rw-p 00000000 00:00 0 
7f645c021000-7f6460000000 ---p 00000000 00:00 0 
7f6460000000-7f6460021000 rw-p 00000000 00:00 0 
7f6460021000-7f6464000000 ---p 00000000 00:00 0 
7f6464000000-7f6464021000 rw-p 00000000 00:00 0 
7f6464021000-7f6468000000 ---p 00000000 00:00 0 
7f6468006000-7f6468007000 ---p 00000000 00:00 0 
7f6468007000-7f6468107000 rw-p 00000000 00:00 0 
7f6468107000-7f6468108000 ---p 00000000 00:00 0 
7f6468108000-7f6468283000 rw-p 00000000 00:00 0 
7f6468283000-7f646865b000 ---p 00000000 00:00 0 
7f646865b000-7f6468699000 rw-p 00000000 00:00 0 
7f6468699000-7f6468a33000 ---p 00000000 00:00 0 
7f6468a33000-7f6468a34000 ---p 00000000 00:00 0 
7f6468a34000-7f6468b34000 rw-p 00000000 00:00 0 
7f6468b34000-7f6468b35000 ---p 00000000 00:00 0 
7f6468b35000-7f6468c35000 rw-p 00000000 00:00 0 
7f6468c35000-7f6468c36000 ---p 00000000 00:00 0 
7f6468c36000-7f6468d36000 rw-p 00000000 00:00 0 
7f6468d36000-7f6468d37000 ---p 00000000 00:00 0 
7f6468d37000-7f6468e37000 rw-p 00000000 00:00 0 
7f6468e37000-7f6468e38000 ---p 00000000 00:00 0 
7f6468e38000-7f646933c000 rw-p 00000000 00:00 0 
7f646933c000-7f646933d000 ---p 00000000 00:00 0 
7f646933d000-7f646943d000 rw-p 00000000 00:00 0 
7f646943d000-7f646943e000 ---p 00000000 00:00 0 
7f646943e000-7f646953e000 rw-p 00000000 00:00 0 
7f646953e000-7f646953f000 ---p 00000000 00:00 0 
7f646953f000-7f646963f000 rw-p 00000000 00:00 0 
7f646963f000-7f6469640000 ---p 00000000 00:00 0 
7f6469640000-7f6469745000 rw-p 00000000 00:00 0 
7f6469745000-7f646982b000 ---p 00000000 00:00 0 
7f646982b000-7f6469830000 rw-p 00000000 00:00 0 
7f6469830000-7f6469916000 ---p 00000000 00:00 0 
7f6469916000-7f6469b86000 rwxp 00000000 00:00 0 
7f6469b86000-7f6469ea6000 ---p 00000000 00:00 0 
7f6469ea6000-7f646a116000 rwxp 00000000 00:00 0 
7f646a116000-7f64713de000 ---p 00000000 00:00 0 
7f64713de000-7f647164e000 rwxp 00000000 00:00 0 
7f647164e000-7f6478916000 ---p 00000000 00:00 0 
7f6478916000-7f6483dd3000 r--s 00000000 08:05 5908406                    /usr/lib/jvm/java-9-oracle/lib/modules
7f6483dd3000-7f6483ded000 r-xp 00000000 08:05 5907539                    /usr/lib/jvm/java-9-oracle/lib/libjimage.so
7f6483ded000-7f6483fec000 ---p 0001a000 08:05 5907539                    /usr/lib/jvm/java-9-oracle/lib/libjimage.so
7f6483fec000-7f6483fee000 rw-p 00019000 08:05 5907539                    /usr/lib/jvm/java-9-oracle/lib/libjimage.so
7f6483fee000-7f6484000000 rw-p 00000000 00:00 0 
7f6484000000-7f6484474000 rw-p 00000000 00:00 0 
7f6484474000-7f6488000000 ---p 00000000 00:00 0 
7f6488023000-7f648802a000 r-xp 00000000 08:05 5909978                    /usr/lib/jvm/java-9-oracle/lib/libzip.so
7f648802a000-7f6488229000 ---p 00007000 08:05 5909978                    /usr/lib/jvm/java-9-oracle/lib/libzip.so
7f6488229000-7f648822a000 rw-p 00006000 08:05 5909978                    /usr/lib/jvm/java-9-oracle/lib/libzip.so
7f648822a000-7f6488235000 r-xp 00000000 08:05 5242976                    /lib/x86_64-linux-gnu/libnss_files-2.23.so
7f6488235000-7f6488434000 ---p 0000b000 08:05 5242976                    /lib/x86_64-linux-gnu/libnss_files-2.23.so
7f6488434000-7f6488435000 r--p 0000a000 08:05 5242976                    /lib/x86_64-linux-gnu/libnss_files-2.23.so
7f6488435000-7f6488436000 rw-p 0000b000 08:05 5242976                    /lib/x86_64-linux-gnu/libnss_files-2.23.so
7f6488436000-7f648843c000 rw-p 00000000 00:00 0 
7f648843c000-7f6488447000 r-xp 00000000 08:05 5247625                    /lib/x86_64-linux-gnu/libnss_nis-2.23.so
7f6488447000-7f6488646000 ---p 0000b000 08:05 5247625                    /lib/x86_64-linux-gnu/libnss_nis-2.23.so
7f6488646000-7f6488647000 r--p 0000a000 08:05 5247625                    /lib/x86_64-linux-gnu/libnss_nis-2.23.so
7f6488647000-7f6488648000 rw-p 0000b000 08:05 5247625                    /lib/x86_64-linux-gnu/libnss_nis-2.23.so
7f6488648000-7f648865e000 r-xp 00000000 08:05 5242894                    /lib/x86_64-linux-gnu/libnsl-2.23.so
7f648865e000-7f648885d000 ---p 00016000 08:05 5242894                    /lib/x86_64-linux-gnu/libnsl-2.23.so
7f648885d000-7f648885e000 r--p 00015000 08:05 5242894                    /lib/x86_64-linux-gnu/libnsl-2.23.so
7f648885e000-7f648885f000 rw-p 00016000 08:05 5242894                    /lib/x86_64-linux-gnu/libnsl-2.23.so
7f648885f000-7f6488861000 rw-p 00000000 00:00 0 
7f6488861000-7f6488869000 r-xp 00000000 08:05 5242971                    /lib/x86_64-linux-gnu/libnss_compat-2.23.so
7f6488869000-7f6488a68000 ---p 00008000 08:05 5242971                    /lib/x86_64-linux-gnu/libnss_compat-2.23.so
7f6488a68000-7f6488a69000 r--p 00007000 08:05 5242971                    /lib/x86_64-linux-gnu/libnss_compat-2.23.so
7f6488a69000-7f6488a6a000 rw-p 00008000 08:05 5242971                    /lib/x86_64-linux-gnu/libnss_compat-2.23.so
7f6488a6a000-7f6488d42000 r--p 00000000 08:05 5905106                    /usr/lib/locale/locale-archive
7f6488d42000-7f6488d4c000 r-xp 00000000 08:05 5907643                    /usr/lib/jvm/java-9-oracle/lib/libinstrument.so
7f6488d4c000-7f6488f4b000 ---p 0000a000 08:05 5907643                    /usr/lib/jvm/java-9-oracle/lib/libinstrument.so
7f6488f4b000-7f6488f4c000 rw-p 00009000 08:05 5907643                    /usr/lib/jvm/java-9-oracle/lib/libinstrument.so
7f6488f4c000-7f6488f87000 r-xp 00000000 08:05 5908431                    /usr/lib/jvm/java-9-oracle/lib/libjdwp.so
7f6488f87000-7f6489186000 ---p 0003b000 08:05 5908431                    /usr/lib/jvm/java-9-oracle/lib/libjdwp.so
7f6489186000-7f6489187000 rw-p 0003a000 08:05 5908431                    /usr/lib/jvm/java-9-oracle/lib/libjdwp.so
7f6489187000-7f6489188000 rw-p 00000000 00:00 0 
7f6489188000-7f64891b3000 r-xp 00000000 08:05 5907667                    /usr/lib/jvm/java-9-oracle/lib/libjava.so
7f64891b3000-7f64893b2000 ---p 0002b000 08:05 5907667                    /usr/lib/jvm/java-9-oracle/lib/libjava.so
7f64893b2000-7f64893b4000 rw-p 0002a000 08:05 5907667                    /usr/lib/jvm/java-9-oracle/lib/libjava.so
7f64893b4000-7f64893c1000 r-xp 00000000 08:05 5907799                    /usr/lib/jvm/java-9-oracle/lib/libverify.so
7f64893c1000-7f64895c0000 ---p 0000d000 08:05 5907799                    /usr/lib/jvm/java-9-oracle/lib/libverify.so
7f64895c0000-7f64895c2000 rw-p 0000c000 08:05 5907799                    /usr/lib/jvm/java-9-oracle/lib/libverify.so
7f64895c2000-7f64895c9000 r-xp 00000000 08:05 5247626                    /lib/x86_64-linux-gnu/librt-2.23.so
7f64895c9000-7f64897c8000 ---p 00007000 08:05 5247626                    /lib/x86_64-linux-gnu/librt-2.23.so
7f64897c8000-7f64897c9000 r--p 00006000 08:05 5247626                    /lib/x86_64-linux-gnu/librt-2.23.so
7f64897c9000-7f64897ca000 rw-p 00007000 08:05 5247626                    /lib/x86_64-linux-gnu/librt-2.23.so
7f64897ca000-7f64898d2000 r-xp 00000000 08:05 5242885                    /lib/x86_64-linux-gnu/libm-2.23.so
7f64898d2000-7f6489ad1000 ---p 00108000 08:05 5242885                    /lib/x86_64-linux-gnu/libm-2.23.so
7f6489ad1000-7f6489ad2000 r--p 00107000 08:05 5242885                    /lib/x86_64-linux-gnu/libm-2.23.so
7f6489ad2000-7f6489ad3000 rw-p 00108000 08:05 5242885                    /lib/x86_64-linux-gnu/libm-2.23.so
7f6489ad3000-7f648aae8000 r-xp 00000000 08:05 5909983                    /usr/lib/jvm/java-9-oracle/lib/server/libjvm.so
7f648aae8000-7f648ace7000 ---p 01015000 08:05 5909983                    /usr/lib/jvm/java-9-oracle/lib/server/libjvm.so
7f648ace7000-7f648adb8000 r--p 01014000 08:05 5909983                    /usr/lib/jvm/java-9-oracle/lib/server/libjvm.so
7f648adb8000-7f648adef000 rw-p 010e5000 08:05 5909983                    /usr/lib/jvm/java-9-oracle/lib/server/libjvm.so
7f648adef000-7f648ae58000 rw-p 00000000 00:00 0 
7f648ae58000-7f648b018000 r-xp 00000000 08:05 5242963                    /lib/x86_64-linux-gnu/libc-2.23.so
7f648b018000-7f648b218000 ---p 001c0000 08:05 5242963                    /lib/x86_64-linux-gnu/libc-2.23.so
7f648b218000-7f648b21c000 r--p 001c0000 08:05 5242963                    /lib/x86_64-linux-gnu/libc-2.23.so
7f648b21c000-7f648b21e000 rw-p 001c4000 08:05 5242963                    /lib/x86_64-linux-gnu/libc-2.23.so
7f648b21e000-7f648b222000 rw-p 00000000 00:00 0 
7f648b222000-7f648b225000 r-xp 00000000 08:05 5242965                    /lib/x86_64-linux-gnu/libdl-2.23.so
7f648b225000-7f648b424000 ---p 00003000 08:05 5242965                    /lib/x86_64-linux-gnu/libdl-2.23.so
7f648b424000-7f648b425000 r--p 00002000 08:05 5242965                    /lib/x86_64-linux-gnu/libdl-2.23.so
7f648b425000-7f648b426000 rw-p 00003000 08:05 5242965                    /lib/x86_64-linux-gnu/libdl-2.23.so
7f648b426000-7f648b434000 r-xp 00000000 08:05 5909991                    /usr/lib/jvm/java-9-oracle/lib/jli/libjli.so
7f648b434000-7f648b634000 ---p 0000e000 08:05 5909991                    /usr/lib/jvm/java-9-oracle/lib/jli/libjli.so
7f648b634000-7f648b635000 rw-p 0000e000 08:05 5909991                    /usr/lib/jvm/java-9-oracle/lib/jli/libjli.so
7f648b635000-7f648b64d000 r-xp 00000000 08:05 5242905                    /lib/x86_64-linux-gnu/libpthread-2.23.so
7f648b64d000-7f648b84c000 ---p 00018000 08:05 5242905                    /lib/x86_64-linux-gnu/libpthread-2.23.so
7f648b84c000-7f648b84d000 r--p 00017000 08:05 5242905                    /lib/x86_64-linux-gnu/libpthread-2.23.so
7f648b84d000-7f648b84e000 rw-p 00018000 08:05 5242905                    /lib/x86_64-linux-gnu/libpthread-2.23.so
7f648b84e000-7f648b852000 rw-p 00000000 00:00 0 
7f648b852000-7f648b86b000 r-xp 00000000 08:05 5247581                    /lib/x86_64-linux-gnu/libz.so.1.2.8
7f648b86b000-7f648ba6a000 ---p 00019000 08:05 5247581                    /lib/x86_64-linux-gnu/libz.so.1.2.8
7f648ba6a000-7f648ba6b000 r--p 00018000 08:05 5247581                    /lib/x86_64-linux-gnu/libz.so.1.2.8
7f648ba6b000-7f648ba6c000 rw-p 00019000 08:05 5247581                    /lib/x86_64-linux-gnu/libz.so.1.2.8
7f648ba6c000-7f648ba92000 r-xp 00000000 08:05 5242897                    /lib/x86_64-linux-gnu/ld-2.23.so
7f648baae000-7f648bb4b000 rw-p 00000000 00:00 0 
7f648bb4b000-7f648bb50000 ---p 00000000 00:00 0 
7f648bb50000-7f648bc51000 rw-p 00000000 00:00 0 
7f648bc71000-7f648bc78000 r--s 00000000 08:05 6164422                    /usr/lib/x86_64-linux-gnu/gconv/gconv-modules.cache
7f648bc78000-7f648bc7e000 rw-p 00000000 00:00 0 
7f648bc7e000-7f648bc85000 ---p 00000000 00:00 0 
7f648bc85000-7f648bc87000 r--s 00001000 08:05 3801367                    /opt/intellij-idea-community/lib/rt/debugger-agent-storage.jar
7f648bc87000-7f648bc8f000 rw-s 00000000 08:05 6301736                    /tmp/hsperfdata_nek/10875
7f648bc8f000-7f648bc90000 rw-p 00000000 00:00 0 
7f648bc90000-7f648bc91000 ---p 00000000 00:00 0 
7f648bc91000-7f648bc92000 r--p 00025000 08:05 5242897                    /lib/x86_64-linux-gnu/ld-2.23.so
7f648bc92000-7f648bc93000 rw-p 00026000 08:05 5242897                    /lib/x86_64-linux-gnu/ld-2.23.so
7f648bc93000-7f648bc94000 rw-p 00000000 00:00 0 
7fff4176e000-7fff4178f000 rw-p 00000000 00:00 0                          [stack]
7fff417f8000-7fff417fb000 r--p 00000000 00:00 0                          [vvar]
7fff417fb000-7fff417fd000 r-xp 00000000 00:00 0                          [vdso]
ffffffffff600000-ffffffffff601000 r-xp 00000000 00:00 0                  [vsyscall]

VM Arguments:
jvm_args: -agentlib:jdwp=transport=dt_socket,address=127.0.0.1:34571,suspend=y,server=n -ea -Didea.test.cyclic.buffer.size=1048576 -javaagent:/opt/intellij-idea-community/lib/rt/debugger-agent.jar=/tmp/capture.props -Dfile.encoding=UTF-8 
java_command: com.intellij.rt.execution.junit.JUnitStarter -ideVersion5 -junit5 SkylineTest
java_class_path (initial): /opt/intellij-idea-community/lib/idea_rt.jar:/opt/intellij-idea-community/plugins/junit/lib/junit-rt.jar:/opt/intellij-idea-community/plugins/junit/lib/junit5-rt.jar:/home/nek/.m2/repository/org/junit/platform/junit-platform-launcher/1.0.0/junit-platform-launcher-1.0.0.jar:/home/nek/.m2/repository/org/apiguardian/apiguardian-api/1.0.0/apiguardian-api-1.0.0.jar:/home/nek/.m2/repository/org/junit/platform/junit-platform-engine/1.0.0/junit-platform-engine-1.0.0.jar:/home/nek/.m2/repository/org/junit/platform/junit-platform-commons/1.0.0/junit-platform-commons-1.0.0.jar:/home/nek/.m2/repository/org/opentest4j/opentest4j/1.0.0/opentest4j-1.0.0.jar:/home/nek/.m2/repository/org/junit/jupiter/junit-jupiter-engine/5.0.0/junit-jupiter-engine-5.0.0.jar:/home/nek/.m2/repository/org/junit/jupiter/junit-jupiter-api/5.0.0/junit-jupiter-api-5.0.0.jar:/home/nek/Documents/IntelliJ output/test/trees:/home/nek/Documents/IntelliJ output/production/trees
Launcher Type: SUN_STANDARD

Logging:
Log output configuration:
#0: stdout all=warning uptime,level,tags
#1: stderr all=off uptime,level,tags

Environment Variables:
JAVA_HOME=/usr/lib/jvm/java-9-oracle
PATH=/home/nek/bin:/home/nek/.local/bin:/usr/local/sbin:/usr/local/bin:/usr/sbin:/usr/bin:/sbin:/bin:/usr/games:/usr/local/games:/snap/bin:/usr/lib/jvm/java-9-oracle/bin:/usr/lib/jvm/java-9-oracle/db/bin
SHELL=/bin/bash
DISPLAY=:0

Signal Handlers:
SIGSEGV: [libjvm.so+0xd4d370], sa_mask[0]=11111111011111111101111111111110, sa_flags=SA_RESTART|SA_SIGINFO
SIGBUS: [libjvm.so+0xd4d370], sa_mask[0]=11111111011111111101111111111110, sa_flags=SA_RESTART|SA_SIGINFO
SIGFPE: [libjvm.so+0xd4d370], sa_mask[0]=11111111011111111101111111111110, sa_flags=SA_RESTART|SA_SIGINFO
SIGPIPE: [libjvm.so+0xb64780], sa_mask[0]=11111111011111111101111111111110, sa_flags=SA_RESTART|SA_SIGINFO
SIGXFSZ: [libjvm.so+0xb64780], sa_mask[0]=11111111011111111101111111111110, sa_flags=SA_RESTART|SA_SIGINFO
SIGILL: [libjvm.so+0xd4d370], sa_mask[0]=11111111011111111101111111111110, sa_flags=SA_RESTART|SA_SIGINFO
SIGUSR2: [libjvm.so+0xb64640], sa_mask[0]=00100000000000000000000000000000, sa_flags=SA_RESTART|SA_SIGINFO
SIGHUP: [libjvm.so+0xb64850], sa_mask[0]=11111111011111111101111111111110, sa_flags=SA_RESTART|SA_SIGINFO
SIGINT: [libjvm.so+0xb64850], sa_mask[0]=11111111011111111101111111111110, sa_flags=SA_RESTART|SA_SIGINFO
SIGTERM: [libjvm.so+0xb64850], sa_mask[0]=11111111011111111101111111111110, sa_flags=SA_RESTART|SA_SIGINFO
SIGQUIT: [libjvm.so+0xb64850], sa_mask[0]=11111111011111111101111111111110, sa_flags=SA_RESTART|SA_SIGINFO


---------------  S Y S T E M  ---------------

OS:DISTRIB_ID=Ubuntu
DISTRIB_RELEASE=16.04
DISTRIB_CODENAME=xenial
DISTRIB_DESCRIPTION="Ubuntu 16.04.4 LTS"
uname:Linux 4.13.0-36-generic #40~16.04.1-Ubuntu SMP Fri Feb 16 23:25:58 UTC 2018 x86_64
libc:glibc 2.23 NPTL 2.23 
rlimit: STACK 8192k, CORE 0k, NPROC 31130, NOFILE 1048576, AS infinity
load average:0.25 0.51 0.79

/proc/meminfo:
MemTotal:        8057972 kB
MemFree:          909376 kB
MemAvailable:    3631008 kB
Buffers:          192932 kB
Cached:          2452388 kB
SwapCached:            0 kB
Active:          4452528 kB
Inactive:        2311784 kB
Active(anon):    3475008 kB
Inactive(anon):   428732 kB
Active(file):     977520 kB
Inactive(file):  1883052 kB
Unevictable:         788 kB
Mlocked:             788 kB
SwapTotal:       8276988 kB
SwapFree:        8276988 kB
Dirty:              1400 kB
Writeback:             0 kB
AnonPages:       4119876 kB
Mapped:           536848 kB
Shmem:            434540 kB
Slab:             221356 kB
SReclaimable:     168736 kB
SUnreclaim:        52620 kB
KernelStack:       13248 kB
PageTables:        61864 kB
NFS_Unstable:          0 kB
Bounce:                0 kB
WritebackTmp:          0 kB
CommitLimit:    12305972 kB
Committed_AS:   10177976 kB
VmallocTotal:   34359738367 kB
VmallocUsed:           0 kB
VmallocChunk:          0 kB
HardwareCorrupted:     0 kB
AnonHugePages:         0 kB
ShmemHugePages:        0 kB
ShmemPmdMapped:        0 kB
CmaTotal:              0 kB
CmaFree:               0 kB
HugePages_Total:       0
HugePages_Free:        0
HugePages_Rsvd:        0
HugePages_Surp:        0
Hugepagesize:       2048 kB
DirectMap4k:      221500 kB
DirectMap2M:     8056832 kB
DirectMap1G:     1048576 kB


CPU:total 4 (initial active 4) (2 cores per cpu, 2 threads per core) family 6 model 78 stepping 3, cmov, cx8, fxsr, mmx, sse, sse2, sse3, ssse3, sse4.1, sse4.2, popcnt, avx, avx2, aes, clmul, erms, rtm, 3dnowpref, lzcnt, ht, tsc, tscinvbit, bmi1, bmi2, adx, fma
CPU Model and flags from /proc/cpuinfo:
model name	: Intel(R) Core(TM) i7-6600U CPU @ 2.60GHz
flags		: fpu vme de pse tsc msr pae mce cx8 apic sep mtrr pge mca cmov pat pse36 clflush dts acpi mmx fxsr sse sse2 ss ht tm pbe syscall nx pdpe1gb rdtscp lm constant_tsc art arch_perfmon pebs bts rep_good nopl xtopology nonstop_tsc cpuid aperfmperf tsc_known_freq pni pclmulqdq dtes64 monitor ds_cpl vmx smx est tm2 ssse3 sdbg fma cx16 xtpr pdcm pcid sse4_1 sse4_2 x2apic movbe popcnt tsc_deadline_timer aes xsave avx f16c rdrand lahf_lm abm 3dnowprefetch cpuid_fault epb invpcid_single pti retpoline intel_pt rsb_ctxsw tpr_shadow vnmi flexpriority ept vpid fsgsbase tsc_adjust bmi1 hle avx2 smep bmi2 erms invpcid rtm mpx rdseed adx smap clflushopt xsaveopt xsavec xgetbv1 xsaves dtherm ida arat pln pts hwp hwp_notify hwp_act_window hwp_epp

Memory: 4k page, physical 8057972k(909376k free), swap 8276988k(8276988k free)

vm_info: Java HotSpot(TM) 64-Bit Server VM (9.0.4+11) for linux-amd64 JRE (9.0.4+11), built on Dec 19 2017 18:12:19 by "mach5one" with gcc 4.9.2

END.
